2022/01/06 18:33:43 [emerg] 1#1: "user" directive is not allowed here in /etc/nginx/conf.d/nginx.conf:1
2022/01/06 18:34:53 [notice] 1#1: using the "epoll" event method
2022/01/06 18:34:53 [notice] 1#1: nginx/1.21.5
2022/01/06 18:34:53 [notice] 1#1: built by gcc 10.2.1 20210110 (Debian 10.2.1-6) 
2022/01/06 18:34:53 [notice] 1#1: OS: Linux 5.4.0-92-generic
2022/01/06 18:34:53 [notice] 1#1: getrlimit(RLIMIT_NOFILE): 1048576:1048576
2022/01/06 18:34:53 [notice] 1#1: start worker processes
2022/01/06 18:34:53 [notice] 1#1: start worker process 24
2022/01/06 18:34:53 [notice] 1#1: start worker process 25
2022/01/06 18:36:29 [notice] 1#1: signal 3 (SIGQUIT) received, shutting down
2022/01/06 18:36:29 [notice] 25#25: gracefully shutting down
2022/01/06 18:36:29 [notice] 25#25: exiting
2022/01/06 18:36:29 [notice] 25#25: exit
2022/01/06 18:36:29 [notice] 24#24: gracefully shutting down
2022/01/06 18:36:29 [notice] 24#24: exiting
2022/01/06 18:36:29 [notice] 24#24: exit
2022/01/06 18:36:29 [notice] 1#1: signal 17 (SIGCHLD) received from 25
2022/01/06 18:36:29 [notice] 1#1: worker process 25 exited with code 0
2022/01/06 18:36:29 [notice] 1#1: signal 17 (SIGCHLD) received from 24
2022/01/06 18:36:29 [notice] 1#1: worker process 24 exited with code 0
2022/01/06 18:36:29 [notice] 1#1: exit
2022/01/06 18:36:34 [notice] 1#1: using the "epoll" event method
2022/01/06 18:36:34 [notice] 1#1: nginx/1.21.5
2022/01/06 18:36:34 [notice] 1#1: built by gcc 10.2.1 20210110 (Debian 10.2.1-6) 
2022/01/06 18:36:34 [notice] 1#1: OS: Linux 5.4.0-92-generic
2022/01/06 18:36:34 [notice] 1#1: getrlimit(RLIMIT_NOFILE): 1048576:1048576
2022/01/06 18:36:34 [notice] 1#1: start worker processes
2022/01/06 18:36:34 [notice] 1#1: start worker process 22
2022/01/06 18:36:34 [notice] 1#1: start worker process 23
2022/01/06 18:39:37 [notice] 1#1: signal 3 (SIGQUIT) received, shutting down
2022/01/06 18:39:37 [notice] 23#23: gracefully shutting down
2022/01/06 18:39:37 [notice] 22#22: gracefully shutting down
2022/01/06 18:39:37 [notice] 23#23: exiting
2022/01/06 18:39:37 [notice] 22#22: exiting
2022/01/06 18:39:37 [notice] 23#23: exit
2022/01/06 18:39:37 [notice] 22#22: exit
2022/01/06 18:39:37 [notice] 1#1: signal 17 (SIGCHLD) received from 22
2022/01/06 18:39:37 [notice] 1#1: worker process 22 exited with code 0
2022/01/06 18:39:37 [notice] 1#1: signal 29 (SIGIO) received
2022/01/06 18:39:37 [notice] 1#1: signal 17 (SIGCHLD) received from 23
2022/01/06 18:39:37 [notice] 1#1: worker process 23 exited with code 0
2022/01/06 18:39:37 [notice] 1#1: exit
2022/01/06 18:40:23 [notice] 1#1: using the "epoll" event method
2022/01/06 18:40:23 [notice] 1#1: nginx/1.21.5
2022/01/06 18:40:23 [notice] 1#1: built by gcc 10.2.1 20210110 (Debian 10.2.1-6) 
2022/01/06 18:40:23 [notice] 1#1: OS: Linux 5.4.0-92-generic
2022/01/06 18:40:23 [notice] 1#1: getrlimit(RLIMIT_NOFILE): 1048576:1048576
2022/01/06 18:40:23 [notice] 1#1: start worker processes
2022/01/06 18:40:23 [notice] 1#1: start worker process 22
2022/01/06 18:40:23 [notice] 1#1: start worker process 23
2022/01/06 18:44:23 [notice] 1#1: signal 3 (SIGQUIT) received, shutting down
2022/01/06 18:44:23 [notice] 22#22: gracefully shutting down
2022/01/06 18:44:23 [notice] 23#23: gracefully shutting down
2022/01/06 18:44:23 [notice] 22#22: exiting
2022/01/06 18:44:23 [notice] 23#23: exiting
2022/01/06 18:44:23 [notice] 22#22: exit
2022/01/06 18:44:23 [notice] 23#23: exit
2022/01/06 18:44:23 [notice] 1#1: signal 17 (SIGCHLD) received from 22
2022/01/06 18:44:23 [notice] 1#1: worker process 22 exited with code 0
2022/01/06 18:44:23 [notice] 1#1: signal 29 (SIGIO) received
2022/01/06 18:44:23 [notice] 1#1: signal 17 (SIGCHLD) received from 23
2022/01/06 18:44:23 [notice] 1#1: worker process 23 exited with code 0
2022/01/06 18:44:23 [notice] 1#1: exit
2022/01/06 18:44:30 [notice] 1#1: using the "epoll" event method
2022/01/06 18:44:30 [notice] 1#1: nginx/1.21.5
2022/01/06 18:44:30 [notice] 1#1: built by gcc 10.2.1 20210110 (Debian 10.2.1-6) 
2022/01/06 18:44:30 [notice] 1#1: OS: Linux 5.4.0-92-generic
2022/01/06 18:44:30 [notice] 1#1: getrlimit(RLIMIT_NOFILE): 1048576:1048576
2022/01/06 18:44:30 [notice] 1#1: start worker processes
2022/01/06 18:44:30 [notice] 1#1: start worker process 22
2022/01/06 18:44:30 [notice] 1#1: start worker process 23
2022/01/06 18:45:06 [notice] 1#1: signal 3 (SIGQUIT) received, shutting down
2022/01/06 18:45:06 [notice] 23#23: gracefully shutting down
2022/01/06 18:45:06 [notice] 22#22: gracefully shutting down
2022/01/06 18:45:06 [notice] 23#23: exiting
2022/01/06 18:45:06 [notice] 22#22: exiting
2022/01/06 18:45:06 [notice] 23#23: exit
2022/01/06 18:45:06 [notice] 22#22: exit
2022/01/06 18:45:06 [notice] 1#1: signal 17 (SIGCHLD) received from 22
2022/01/06 18:45:06 [notice] 1#1: worker process 22 exited with code 0
2022/01/06 18:45:06 [notice] 1#1: signal 29 (SIGIO) received
2022/01/06 18:45:06 [notice] 1#1: signal 17 (SIGCHLD) received from 23
2022/01/06 18:45:06 [notice] 1#1: worker process 23 exited with code 0
2022/01/06 18:45:06 [notice] 1#1: exit
2022/01/06 18:45:11 [notice] 1#1: using the "epoll" event method
2022/01/06 18:45:11 [notice] 1#1: nginx/1.21.5
2022/01/06 18:45:11 [notice] 1#1: built by gcc 10.2.1 20210110 (Debian 10.2.1-6) 
2022/01/06 18:45:11 [notice] 1#1: OS: Linux 5.4.0-92-generic
2022/01/06 18:45:11 [notice] 1#1: getrlimit(RLIMIT_NOFILE): 1048576:1048576
2022/01/06 18:45:11 [notice] 1#1: start worker processes
2022/01/06 18:45:11 [notice] 1#1: start worker process 22
2022/01/06 18:45:11 [notice] 1#1: start worker process 23
2022/01/06 18:45:23 [notice] 1#1: signal 3 (SIGQUIT) received, shutting down
2022/01/06 18:45:23 [notice] 22#22: gracefully shutting down
2022/01/06 18:45:23 [notice] 22#22: exiting
2022/01/06 18:45:23 [notice] 22#22: exit
2022/01/06 18:45:23 [notice] 23#23: gracefully shutting down
2022/01/06 18:45:23 [notice] 23#23: exiting
2022/01/06 18:45:23 [notice] 23#23: exit
2022/01/06 18:45:23 [notice] 1#1: signal 17 (SIGCHLD) received from 22
2022/01/06 18:45:23 [notice] 1#1: worker process 22 exited with code 0
2022/01/06 18:45:23 [notice] 1#1: signal 29 (SIGIO) received
2022/01/06 18:45:23 [notice] 1#1: signal 17 (SIGCHLD) received from 23
2022/01/06 18:45:23 [notice] 1#1: worker process 23 exited with code 0
2022/01/06 18:45:23 [notice] 1#1: exit
2022/01/06 18:46:00 [emerg] 1#1: host not found in upstream "compose-ubuntu_teamcity" in /etc/nginx/conf.d/nginx.conf:6
2022/01/06 18:46:22 [notice] 1#1: using the "epoll" event method
2022/01/06 18:46:22 [notice] 1#1: nginx/1.21.5
2022/01/06 18:46:22 [notice] 1#1: built by gcc 10.2.1 20210110 (Debian 10.2.1-6) 
2022/01/06 18:46:22 [notice] 1#1: OS: Linux 5.4.0-92-generic
2022/01/06 18:46:22 [notice] 1#1: getrlimit(RLIMIT_NOFILE): 1048576:1048576
2022/01/06 18:46:22 [notice] 1#1: start worker processes
2022/01/06 18:46:22 [notice] 1#1: start worker process 23
2022/01/06 18:46:22 [notice] 1#1: start worker process 24
2022/01/06 18:46:47 [notice] 1#1: signal 3 (SIGQUIT) received, shutting down
2022/01/06 18:46:47 [notice] 24#24: gracefully shutting down
2022/01/06 18:46:47 [notice] 24#24: exiting
2022/01/06 18:46:47 [notice] 24#24: exit
2022/01/06 18:46:47 [notice] 23#23: gracefully shutting down
2022/01/06 18:46:47 [notice] 23#23: exiting
2022/01/06 18:46:47 [notice] 23#23: exit
2022/01/06 18:46:47 [notice] 1#1: signal 17 (SIGCHLD) received from 23
2022/01/06 18:46:47 [notice] 1#1: worker process 23 exited with code 0
2022/01/06 18:46:47 [notice] 1#1: worker process 24 exited with code 0
2022/01/06 18:46:47 [notice] 1#1: exit
2022/01/06 18:47:10 [notice] 1#1: using the "epoll" event method
2022/01/06 18:47:10 [notice] 1#1: nginx/1.21.5
2022/01/06 18:47:10 [notice] 1#1: built by gcc 10.2.1 20210110 (Debian 10.2.1-6) 
2022/01/06 18:47:10 [notice] 1#1: OS: Linux 5.4.0-92-generic
2022/01/06 18:47:10 [notice] 1#1: getrlimit(RLIMIT_NOFILE): 1048576:1048576
2022/01/06 18:47:10 [notice] 1#1: start worker processes
2022/01/06 18:47:10 [notice] 1#1: start worker process 22
2022/01/06 18:47:10 [notice] 1#1: start worker process 23
2022/01/06 18:53:00 [notice] 1#1: signal 3 (SIGQUIT) received, shutting down
2022/01/06 18:53:00 [notice] 22#22: gracefully shutting down
2022/01/06 18:53:00 [notice] 23#23: gracefully shutting down
2022/01/06 18:53:00 [notice] 22#22: exiting
2022/01/06 18:53:00 [notice] 23#23: exiting
2022/01/06 18:53:00 [notice] 22#22: exit
2022/01/06 18:53:00 [notice] 23#23: exit
2022/01/06 18:53:00 [notice] 1#1: signal 17 (SIGCHLD) received from 22
2022/01/06 18:53:00 [notice] 1#1: worker process 22 exited with code 0
2022/01/06 18:53:00 [notice] 1#1: worker process 23 exited with code 0
2022/01/06 18:53:00 [notice] 1#1: exit
2022/01/06 18:53:04 [notice] 1#1: using the "epoll" event method
2022/01/06 18:53:04 [notice] 1#1: nginx/1.21.5
2022/01/06 18:53:04 [notice] 1#1: built by gcc 10.2.1 20210110 (Debian 10.2.1-6) 
2022/01/06 18:53:04 [notice] 1#1: OS: Linux 5.4.0-92-generic
2022/01/06 18:53:04 [notice] 1#1: getrlimit(RLIMIT_NOFILE): 1048576:1048576
2022/01/06 18:53:04 [notice] 1#1: start worker processes
2022/01/06 18:53:04 [notice] 1#1: start worker process 24
2022/01/06 18:53:04 [notice] 1#1: start worker process 25
2022/01/06 18:53:47 [notice] 1#1: signal 3 (SIGQUIT) received, shutting down
2022/01/06 18:53:47 [notice] 24#24: gracefully shutting down
2022/01/06 18:53:47 [notice] 24#24: exiting
2022/01/06 18:53:47 [notice] 24#24: exit
2022/01/06 18:53:47 [notice] 25#25: gracefully shutting down
2022/01/06 18:53:47 [notice] 25#25: exiting
2022/01/06 18:53:47 [notice] 25#25: exit
2022/01/06 18:53:47 [notice] 1#1: signal 17 (SIGCHLD) received from 25
2022/01/06 18:53:47 [notice] 1#1: worker process 24 exited with code 0
2022/01/06 18:53:47 [notice] 1#1: worker process 25 exited with code 0
2022/01/06 18:53:47 [notice] 1#1: exit
2022/01/06 18:55:36 [notice] 1#1: using the "epoll" event method
2022/01/06 18:55:36 [notice] 1#1: nginx/1.21.5
2022/01/06 18:55:36 [notice] 1#1: built by gcc 10.2.1 20210110 (Debian 10.2.1-6) 
2022/01/06 18:55:36 [notice] 1#1: OS: Linux 5.4.0-92-generic
2022/01/06 18:55:36 [notice] 1#1: getrlimit(RLIMIT_NOFILE): 1048576:1048576
2022/01/06 18:55:36 [notice] 1#1: start worker processes
2022/01/06 18:55:36 [notice] 1#1: start worker process 22
2022/01/06 18:55:36 [notice] 1#1: start worker process 23
2022/01/07 14:51:56 [notice] 1#1: signal 3 (SIGQUIT) received, shutting down
2022/01/07 14:51:56 [notice] 23#23: gracefully shutting down
2022/01/07 14:51:56 [notice] 23#23: exiting
2022/01/07 14:51:56 [notice] 23#23: exit
2022/01/07 14:51:56 [notice] 22#22: gracefully shutting down
2022/01/07 14:51:56 [notice] 22#22: exiting
2022/01/07 14:51:56 [notice] 22#22: exit
2022/01/07 14:51:56 [notice] 1#1: signal 17 (SIGCHLD) received from 23
2022/01/07 14:51:56 [notice] 1#1: worker process 23 exited with code 0
2022/01/07 14:51:56 [notice] 1#1: worker process 22 exited with code 0
2022/01/07 14:51:56 [notice] 1#1: exit
2022/01/07 14:52:29 [notice] 1#1: using the "epoll" event method
2022/01/07 14:52:29 [notice] 1#1: nginx/1.21.5
2022/01/07 14:52:29 [notice] 1#1: built by gcc 10.2.1 20210110 (Debian 10.2.1-6) 
2022/01/07 14:52:29 [notice] 1#1: OS: Linux 5.4.0-92-generic
2022/01/07 14:52:29 [notice] 1#1: getrlimit(RLIMIT_NOFILE): 1048576:1048576
2022/01/07 14:52:29 [notice] 1#1: start worker processes
2022/01/07 14:52:29 [notice] 1#1: start worker process 22
2022/01/07 14:52:29 [notice] 1#1: start worker process 23
2022/01/07 14:53:55 [notice] 1#1: signal 3 (SIGQUIT) received, shutting down
2022/01/07 14:53:55 [notice] 22#22: gracefully shutting down
2022/01/07 14:53:55 [notice] 23#23: gracefully shutting down
2022/01/07 14:53:55 [notice] 22#22: exiting
2022/01/07 14:53:55 [notice] 23#23: exiting
2022/01/07 14:53:55 [notice] 22#22: exit
2022/01/07 14:53:55 [notice] 23#23: exit
2022/01/07 14:53:55 [notice] 1#1: signal 17 (SIGCHLD) received from 22
2022/01/07 14:53:55 [notice] 1#1: worker process 22 exited with code 0
2022/01/07 14:53:55 [notice] 1#1: signal 29 (SIGIO) received
2022/01/07 14:53:55 [notice] 1#1: signal 17 (SIGCHLD) received from 23
2022/01/07 14:53:55 [notice] 1#1: worker process 23 exited with code 0
2022/01/07 14:53:55 [notice] 1#1: exit
2022/01/07 14:54:01 [notice] 1#1: using the "epoll" event method
2022/01/07 14:54:01 [notice] 1#1: nginx/1.21.5
2022/01/07 14:54:01 [notice] 1#1: built by gcc 10.2.1 20210110 (Debian 10.2.1-6) 
2022/01/07 14:54:01 [notice] 1#1: OS: Linux 5.4.0-92-generic
2022/01/07 14:54:01 [notice] 1#1: getrlimit(RLIMIT_NOFILE): 1048576:1048576
2022/01/07 14:54:01 [notice] 1#1: start worker processes
2022/01/07 14:54:01 [notice] 1#1: start worker process 22
2022/01/07 14:54:01 [notice] 1#1: start worker process 23
2022/01/07 14:54:08 [notice] 1#1: signal 3 (SIGQUIT) received, shutting down
2022/01/07 14:54:08 [notice] 22#22: gracefully shutting down
2022/01/07 14:54:08 [notice] 23#23: gracefully shutting down
2022/01/07 14:54:08 [notice] 22#22: exiting
2022/01/07 14:54:08 [notice] 23#23: exiting
2022/01/07 14:54:08 [notice] 22#22: exit
2022/01/07 14:54:08 [notice] 23#23: exit
2022/01/07 14:54:08 [notice] 1#1: signal 17 (SIGCHLD) received from 22
2022/01/07 14:54:08 [notice] 1#1: worker process 22 exited with code 0
2022/01/07 14:54:08 [notice] 1#1: worker process 23 exited with code 0
2022/01/07 14:54:08 [notice] 1#1: exit
2022/01/07 14:54:30 [notice] 1#1: using the "epoll" event method
2022/01/07 14:54:30 [notice] 1#1: nginx/1.21.5
2022/01/07 14:54:30 [notice] 1#1: built by gcc 10.2.1 20210110 (Debian 10.2.1-6) 
2022/01/07 14:54:30 [notice] 1#1: OS: Linux 5.4.0-92-generic
2022/01/07 14:54:30 [notice] 1#1: getrlimit(RLIMIT_NOFILE): 1048576:1048576
2022/01/07 14:54:30 [notice] 1#1: start worker processes
2022/01/07 14:54:30 [notice] 1#1: start worker process 24
2022/01/07 14:54:30 [notice] 1#1: start worker process 25
2022/01/07 14:54:54 [notice] 1#1: signal 3 (SIGQUIT) received, shutting down
2022/01/07 14:54:54 [notice] 24#24: gracefully shutting down
2022/01/07 14:54:54 [notice] 25#25: gracefully shutting down
2022/01/07 14:54:54 [notice] 24#24: exiting
2022/01/07 14:54:54 [notice] 25#25: exiting
2022/01/07 14:54:54 [notice] 24#24: exit
2022/01/07 14:54:54 [notice] 25#25: exit
2022/01/07 14:54:54 [notice] 1#1: signal 17 (SIGCHLD) received from 24
2022/01/07 14:54:54 [notice] 1#1: worker process 24 exited with code 0
2022/01/07 14:54:54 [notice] 1#1: signal 29 (SIGIO) received
2022/01/07 14:54:54 [notice] 1#1: signal 17 (SIGCHLD) received from 25
2022/01/07 14:54:54 [notice] 1#1: worker process 25 exited with code 0
2022/01/07 14:54:54 [notice] 1#1: exit
2022/01/07 14:55:25 [notice] 1#1: using the "epoll" event method
2022/01/07 14:55:25 [notice] 1#1: nginx/1.21.5
2022/01/07 14:55:25 [notice] 1#1: built by gcc 10.2.1 20210110 (Debian 10.2.1-6) 
2022/01/07 14:55:25 [notice] 1#1: OS: Linux 5.4.0-92-generic
2022/01/07 14:55:25 [notice] 1#1: getrlimit(RLIMIT_NOFILE): 1048576:1048576
2022/01/07 14:55:25 [notice] 1#1: start worker processes
2022/01/07 14:55:25 [notice] 1#1: start worker process 22
2022/01/07 14:55:25 [notice] 1#1: start worker process 23
2022/01/07 14:55:38 [notice] 1#1: signal 3 (SIGQUIT) received, shutting down
2022/01/07 14:55:38 [notice] 23#23: gracefully shutting down
2022/01/07 14:55:38 [notice] 23#23: exiting
2022/01/07 14:55:38 [notice] 23#23: exit
2022/01/07 14:55:38 [notice] 22#22: gracefully shutting down
2022/01/07 14:55:38 [notice] 22#22: exiting
2022/01/07 14:55:38 [notice] 22#22: exit
2022/01/07 14:55:38 [notice] 1#1: signal 17 (SIGCHLD) received from 22
2022/01/07 14:55:38 [notice] 1#1: worker process 22 exited with code 0
2022/01/07 14:55:38 [notice] 1#1: signal 29 (SIGIO) received
2022/01/07 14:55:38 [notice] 1#1: signal 17 (SIGCHLD) received from 23
2022/01/07 14:55:38 [notice] 1#1: worker process 23 exited with code 0
2022/01/07 14:55:38 [notice] 1#1: exit
2022/01/07 14:56:11 [notice] 1#1: using the "epoll" event method
2022/01/07 14:56:11 [notice] 1#1: nginx/1.21.5
2022/01/07 14:56:11 [notice] 1#1: built by gcc 10.2.1 20210110 (Debian 10.2.1-6) 
2022/01/07 14:56:11 [notice] 1#1: OS: Linux 5.4.0-92-generic
2022/01/07 14:56:11 [notice] 1#1: getrlimit(RLIMIT_NOFILE): 1048576:1048576
2022/01/07 14:56:11 [notice] 1#1: start worker processes
2022/01/07 14:56:11 [notice] 1#1: start worker process 23
2022/01/07 14:56:11 [notice] 1#1: start worker process 24
2022/01/07 14:58:11 [notice] 1#1: signal 3 (SIGQUIT) received, shutting down
2022/01/07 14:58:11 [notice] 23#23: gracefully shutting down
2022/01/07 14:58:11 [notice] 24#24: gracefully shutting down
2022/01/07 14:58:11 [notice] 23#23: exiting
2022/01/07 14:58:11 [notice] 24#24: exiting
2022/01/07 14:58:11 [notice] 23#23: exit
2022/01/07 14:58:11 [notice] 24#24: exit
2022/01/07 14:58:11 [notice] 1#1: signal 17 (SIGCHLD) received from 23
2022/01/07 14:58:11 [notice] 1#1: worker process 23 exited with code 0
2022/01/07 14:58:11 [notice] 1#1: worker process 24 exited with code 0
2022/01/07 14:58:11 [notice] 1#1: exit
2022/01/07 15:23:42 [emerg] 1#1: no "ssl_certificate" is defined for the "listen ... ssl" directive in /etc/nginx/conf.d/nginx.conf:14
2022/01/07 15:24:58 [notice] 1#1: using the "epoll" event method
2022/01/07 15:24:58 [notice] 1#1: nginx/1.21.5
2022/01/07 15:24:58 [notice] 1#1: built by gcc 10.2.1 20210110 (Debian 10.2.1-6) 
2022/01/07 15:24:58 [notice] 1#1: OS: Linux 5.4.0-92-generic
2022/01/07 15:24:58 [notice] 1#1: getrlimit(RLIMIT_NOFILE): 1048576:1048576
2022/01/07 15:24:58 [notice] 1#1: start worker processes
2022/01/07 15:24:58 [notice] 1#1: start worker process 22
2022/01/07 15:24:58 [notice] 1#1: start worker process 23
2022/01/07 15:25:49 [notice] 1#1: signal 3 (SIGQUIT) received, shutting down
2022/01/07 15:25:49 [notice] 22#22: gracefully shutting down
2022/01/07 15:25:49 [notice] 22#22: exiting
2022/01/07 15:25:49 [notice] 22#22: exit
2022/01/07 15:25:49 [notice] 23#23: gracefully shutting down
2022/01/07 15:25:49 [notice] 23#23: exiting
2022/01/07 15:25:49 [notice] 23#23: exit
2022/01/07 15:25:49 [notice] 1#1: signal 17 (SIGCHLD) received from 22
2022/01/07 15:25:49 [notice] 1#1: worker process 22 exited with code 0
2022/01/07 15:25:49 [notice] 1#1: signal 29 (SIGIO) received
2022/01/07 15:25:49 [notice] 1#1: signal 17 (SIGCHLD) received from 23
2022/01/07 15:25:49 [notice] 1#1: worker process 23 exited with code 0
2022/01/07 15:25:49 [notice] 1#1: exit
2022/01/07 15:35:05 [notice] 1#1: using the "epoll" event method
2022/01/07 15:35:05 [notice] 1#1: nginx/1.21.5
2022/01/07 15:35:05 [notice] 1#1: built by gcc 10.2.1 20210110 (Debian 10.2.1-6) 
2022/01/07 15:35:05 [notice] 1#1: OS: Linux 5.4.0-92-generic
2022/01/07 15:35:05 [notice] 1#1: getrlimit(RLIMIT_NOFILE): 1048576:1048576
2022/01/07 15:35:05 [notice] 1#1: start worker processes
2022/01/07 15:35:05 [notice] 1#1: start worker process 22
2022/01/07 15:35:05 [notice] 1#1: start worker process 23
2022/01/09 14:38:17 [notice] 1#1: signal 3 (SIGQUIT) received, shutting down
2022/01/09 14:38:17 [notice] 23#23: gracefully shutting down
2022/01/09 14:38:17 [notice] 23#23: exiting
2022/01/09 14:38:17 [notice] 23#23: exit
2022/01/09 14:38:17 [notice] 22#22: gracefully shutting down
2022/01/09 14:38:17 [notice] 22#22: exiting
2022/01/09 14:38:17 [notice] 22#22: exit
2022/01/09 14:38:17 [notice] 1#1: signal 17 (SIGCHLD) received from 22
2022/01/09 14:38:17 [notice] 1#1: worker process 22 exited with code 0
2022/01/09 14:38:17 [notice] 1#1: worker process 23 exited with code 0
2022/01/09 14:38:17 [notice] 1#1: exit
2022/01/09 15:03:29 [notice] 1#1: using the "epoll" event method
2022/01/09 15:03:29 [notice] 1#1: nginx/1.21.5
2022/01/09 15:03:29 [notice] 1#1: built by gcc 10.2.1 20210110 (Debian 10.2.1-6) 
2022/01/09 15:03:29 [notice] 1#1: OS: Linux 5.4.0-92-generic
2022/01/09 15:03:29 [notice] 1#1: getrlimit(RLIMIT_NOFILE): 1048576:1048576
2022/01/09 15:03:29 [notice] 1#1: start worker processes
2022/01/09 15:03:29 [notice] 1#1: start worker process 30
2022/01/09 15:03:29 [notice] 1#1: start worker process 31
2022/01/09 15:03:52 [notice] 1#1: signal 3 (SIGQUIT) received, shutting down
2022/01/09 15:03:52 [notice] 31#31: gracefully shutting down
2022/01/09 15:03:52 [notice] 31#31: exiting
2022/01/09 15:03:52 [notice] 31#31: exit
2022/01/09 15:03:52 [notice] 30#30: gracefully shutting down
2022/01/09 15:03:52 [notice] 30#30: exiting
2022/01/09 15:03:52 [notice] 30#30: exit
2022/01/09 15:03:52 [notice] 1#1: signal 17 (SIGCHLD) received from 31
2022/01/09 15:03:52 [notice] 1#1: worker process 30 exited with code 0
2022/01/09 15:03:52 [notice] 1#1: worker process 31 exited with code 0
2022/01/09 15:03:52 [notice] 1#1: exit
2022/01/09 15:04:21 [notice] 1#1: using the "epoll" event method
2022/01/09 15:04:21 [notice] 1#1: nginx/1.21.5
2022/01/09 15:04:21 [notice] 1#1: built by gcc 10.2.1 20210110 (Debian 10.2.1-6) 
2022/01/09 15:04:21 [notice] 1#1: OS: Linux 5.4.0-92-generic
2022/01/09 15:04:21 [notice] 1#1: getrlimit(RLIMIT_NOFILE): 1048576:1048576
2022/01/09 15:04:21 [notice] 1#1: start worker processes
2022/01/09 15:04:21 [notice] 1#1: start worker process 30
2022/01/09 15:04:21 [notice] 1#1: start worker process 31
2022/01/09 15:14:17 [notice] 1#1: signal 3 (SIGQUIT) received, shutting down
2022/01/09 15:14:17 [notice] 31#31: gracefully shutting down
2022/01/09 15:14:17 [notice] 30#30: gracefully shutting down
2022/01/09 15:14:17 [notice] 31#31: exiting
2022/01/09 15:14:17 [notice] 30#30: exiting
2022/01/09 15:14:17 [notice] 31#31: exit
2022/01/09 15:14:17 [notice] 30#30: exit
2022/01/09 15:14:17 [notice] 1#1: signal 17 (SIGCHLD) received from 31
2022/01/09 15:14:17 [notice] 1#1: worker process 30 exited with code 0
2022/01/09 15:14:17 [notice] 1#1: worker process 31 exited with code 0
2022/01/09 15:14:17 [notice] 1#1: exit
2022/01/09 15:23:35 [notice] 1#1: using the "epoll" event method
2022/01/09 15:23:35 [notice] 1#1: nginx/1.21.5
2022/01/09 15:23:35 [notice] 1#1: built by gcc 10.2.1 20210110 (Debian 10.2.1-6) 
2022/01/09 15:23:35 [notice] 1#1: OS: Linux 5.4.0-92-generic
2022/01/09 15:23:35 [notice] 1#1: getrlimit(RLIMIT_NOFILE): 1048576:1048576
2022/01/09 15:23:35 [notice] 1#1: start worker processes
2022/01/09 15:23:35 [notice] 1#1: start worker process 30
2022/01/09 15:23:35 [notice] 1#1: start worker process 31
2022/01/09 15:23:58 [notice] 32#32: signal process started
2022/01/09 15:23:58 [notice] 1#1: signal 1 (SIGHUP) received from 32, reconfiguring
2022/01/09 15:23:58 [notice] 1#1: reconfiguring
2022/01/09 15:23:58 [notice] 1#1: using the "epoll" event method
2022/01/09 15:23:58 [notice] 1#1: start worker processes
2022/01/09 15:23:58 [notice] 1#1: start worker process 38
2022/01/09 15:23:58 [notice] 1#1: start worker process 39
2022/01/09 15:23:58 [notice] 30#30: gracefully shutting down
2022/01/09 15:23:58 [notice] 30#30: exiting
2022/01/09 15:23:58 [notice] 30#30: exit
2022/01/09 15:23:58 [notice] 31#31: gracefully shutting down
2022/01/09 15:23:58 [notice] 31#31: exiting
2022/01/09 15:23:58 [notice] 31#31: exit
2022/01/09 15:23:58 [notice] 1#1: signal 17 (SIGCHLD) received from 30
2022/01/09 15:23:58 [notice] 1#1: worker process 30 exited with code 0
2022/01/09 15:23:58 [notice] 1#1: signal 29 (SIGIO) received
2022/01/09 15:23:58 [notice] 1#1: signal 17 (SIGCHLD) received from 31
2022/01/09 15:23:58 [notice] 1#1: worker process 31 exited with code 0
2022/01/09 15:23:58 [notice] 1#1: signal 29 (SIGIO) received
2022/01/09 15:25:30 [notice] 1#1: signal 3 (SIGQUIT) received, shutting down
2022/01/09 15:25:30 [notice] 38#38: gracefully shutting down
2022/01/09 15:25:30 [notice] 39#39: gracefully shutting down
2022/01/09 15:25:30 [notice] 38#38: exiting
2022/01/09 15:25:30 [notice] 39#39: exiting
2022/01/09 15:25:30 [notice] 38#38: exit
2022/01/09 15:25:30 [notice] 39#39: exit
2022/01/09 15:25:30 [notice] 1#1: signal 17 (SIGCHLD) received from 39
2022/01/09 15:25:30 [notice] 1#1: worker process 38 exited with code 0
2022/01/09 15:25:30 [notice] 1#1: worker process 39 exited with code 0
2022/01/09 15:25:30 [notice] 1#1: exit
2022/01/09 15:25:31 [notice] 1#1: using the "epoll" event method
2022/01/09 15:25:31 [notice] 1#1: nginx/1.21.5
2022/01/09 15:25:31 [notice] 1#1: built by gcc 10.2.1 20210110 (Debian 10.2.1-6) 
2022/01/09 15:25:31 [notice] 1#1: OS: Linux 5.4.0-92-generic
2022/01/09 15:25:31 [notice] 1#1: getrlimit(RLIMIT_NOFILE): 1048576:1048576
2022/01/09 15:25:31 [notice] 1#1: start worker processes
2022/01/09 15:25:31 [notice] 1#1: start worker process 31
2022/01/09 15:25:31 [notice] 1#1: start worker process 32
2022/01/09 15:25:55 [notice] 33#33: signal process started
2022/01/09 15:25:55 [notice] 1#1: signal 1 (SIGHUP) received from 33, reconfiguring
2022/01/09 15:25:55 [notice] 1#1: reconfiguring
2022/01/09 15:25:55 [notice] 1#1: using the "epoll" event method
2022/01/09 15:25:55 [notice] 1#1: start worker processes
2022/01/09 15:25:55 [notice] 1#1: start worker process 40
2022/01/09 15:25:55 [notice] 1#1: start worker process 41
2022/01/09 15:25:55 [notice] 31#31: gracefully shutting down
2022/01/09 15:25:55 [notice] 31#31: exiting
2022/01/09 15:25:55 [notice] 31#31: exit
2022/01/09 15:25:55 [notice] 32#32: gracefully shutting down
2022/01/09 15:25:55 [notice] 32#32: exiting
2022/01/09 15:25:55 [notice] 32#32: exit
2022/01/09 15:25:55 [notice] 1#1: signal 17 (SIGCHLD) received from 31
2022/01/09 15:25:55 [notice] 1#1: worker process 31 exited with code 0
2022/01/09 15:25:55 [notice] 1#1: worker process 32 exited with code 0
2022/01/09 15:25:55 [notice] 1#1: signal 29 (SIGIO) received
2022/01/09 15:28:15 [error] 40#40: *1 simple-server could not be resolved (2: Server failure), client: 205.185.125.246, server: , request: "GET / HTTP/1.1", host: "188.124.36.244:80"
2022/01/09 15:28:48 [notice] 1#1: signal 3 (SIGQUIT) received, shutting down
2022/01/09 15:28:48 [notice] 40#40: gracefully shutting down
2022/01/09 15:28:48 [notice] 40#40: exiting
2022/01/09 15:28:48 [notice] 40#40: exit
2022/01/09 15:28:48 [notice] 41#41: gracefully shutting down
2022/01/09 15:28:48 [notice] 41#41: exiting
2022/01/09 15:28:48 [notice] 41#41: exit
2022/01/09 15:28:48 [notice] 1#1: signal 17 (SIGCHLD) received from 40
2022/01/09 15:28:48 [notice] 1#1: worker process 40 exited with code 0
2022/01/09 15:28:48 [notice] 1#1: worker process 41 exited with code 0
2022/01/09 15:28:48 [notice] 1#1: exit
2022/01/09 15:28:49 [notice] 1#1: using the "epoll" event method
2022/01/09 15:28:49 [notice] 1#1: nginx/1.21.5
2022/01/09 15:28:49 [notice] 1#1: built by gcc 10.2.1 20210110 (Debian 10.2.1-6) 
2022/01/09 15:28:49 [notice] 1#1: OS: Linux 5.4.0-92-generic
2022/01/09 15:28:49 [notice] 1#1: getrlimit(RLIMIT_NOFILE): 1048576:1048576
2022/01/09 15:28:49 [notice] 1#1: start worker processes
2022/01/09 15:28:49 [notice] 1#1: start worker process 30
2022/01/09 15:28:49 [notice] 1#1: start worker process 31
2022/01/09 15:29:14 [notice] 32#32: signal process started
2022/01/09 15:29:14 [notice] 1#1: signal 1 (SIGHUP) received from 32, reconfiguring
2022/01/09 15:29:14 [notice] 1#1: reconfiguring
2022/01/09 15:29:14 [notice] 1#1: using the "epoll" event method
2022/01/09 15:29:14 [notice] 1#1: start worker processes
2022/01/09 15:29:14 [notice] 1#1: start worker process 39
2022/01/09 15:29:14 [notice] 1#1: start worker process 40
2022/01/09 15:29:15 [notice] 30#30: gracefully shutting down
2022/01/09 15:29:15 [notice] 30#30: exiting
2022/01/09 15:29:15 [notice] 30#30: exit
2022/01/09 15:29:15 [notice] 31#31: gracefully shutting down
2022/01/09 15:29:15 [notice] 31#31: exiting
2022/01/09 15:29:15 [notice] 31#31: exit
2022/01/09 15:29:15 [notice] 1#1: signal 17 (SIGCHLD) received from 31
2022/01/09 15:29:15 [notice] 1#1: worker process 31 exited with code 0
2022/01/09 15:29:15 [notice] 1#1: signal 29 (SIGIO) received
2022/01/09 15:29:15 [notice] 1#1: signal 17 (SIGCHLD) received from 30
2022/01/09 15:29:15 [notice] 1#1: worker process 30 exited with code 0
2022/01/09 15:29:15 [notice] 1#1: signal 29 (SIGIO) received
2022/01/09 15:29:46 [notice] 1#1: signal 3 (SIGQUIT) received, shutting down
2022/01/09 15:29:46 [notice] 39#39: gracefully shutting down
2022/01/09 15:29:46 [notice] 40#40: gracefully shutting down
2022/01/09 15:29:46 [notice] 39#39: exiting
2022/01/09 15:29:46 [notice] 40#40: exiting
2022/01/09 15:29:46 [notice] 39#39: exit
2022/01/09 15:29:46 [notice] 40#40: exit
2022/01/09 15:29:46 [notice] 1#1: signal 17 (SIGCHLD) received from 39
2022/01/09 15:29:46 [notice] 1#1: worker process 39 exited with code 0
2022/01/09 15:29:46 [notice] 1#1: worker process 40 exited with code 0
2022/01/09 15:29:46 [notice] 1#1: exit
2022/01/09 15:29:47 [notice] 1#1: using the "epoll" event method
2022/01/09 15:29:47 [notice] 1#1: nginx/1.21.5
2022/01/09 15:29:47 [notice] 1#1: built by gcc 10.2.1 20210110 (Debian 10.2.1-6) 
2022/01/09 15:29:47 [notice] 1#1: OS: Linux 5.4.0-92-generic
2022/01/09 15:29:47 [notice] 1#1: getrlimit(RLIMIT_NOFILE): 1048576:1048576
2022/01/09 15:29:47 [notice] 1#1: start worker processes
2022/01/09 15:29:47 [notice] 1#1: start worker process 30
2022/01/09 15:29:47 [notice] 1#1: start worker process 31
2022/01/09 15:30:05 [notice] 32#32: signal process started
2022/01/09 15:30:05 [notice] 1#1: signal 1 (SIGHUP) received from 32, reconfiguring
2022/01/09 15:30:05 [notice] 1#1: reconfiguring
2022/01/09 15:30:05 [notice] 1#1: using the "epoll" event method
2022/01/09 15:30:05 [notice] 1#1: start worker processes
2022/01/09 15:30:05 [notice] 1#1: start worker process 38
2022/01/09 15:30:05 [notice] 1#1: start worker process 39
2022/01/09 15:30:05 [notice] 30#30: gracefully shutting down
2022/01/09 15:30:05 [notice] 30#30: exiting
2022/01/09 15:30:05 [notice] 30#30: exit
2022/01/09 15:30:05 [notice] 31#31: gracefully shutting down
2022/01/09 15:30:05 [notice] 31#31: exiting
2022/01/09 15:30:05 [notice] 31#31: exit
2022/01/09 15:30:05 [notice] 1#1: signal 17 (SIGCHLD) received from 31
2022/01/09 15:30:05 [notice] 1#1: worker process 30 exited with code 0
2022/01/09 15:30:05 [notice] 1#1: worker process 31 exited with code 0
2022/01/09 15:30:05 [notice] 1#1: signal 29 (SIGIO) received
2022/01/09 15:33:12 [notice] 1#1: signal 3 (SIGQUIT) received, shutting down
2022/01/09 15:33:12 [notice] 38#38: gracefully shutting down
2022/01/09 15:33:12 [notice] 39#39: gracefully shutting down
2022/01/09 15:33:12 [notice] 38#38: exiting
2022/01/09 15:33:12 [notice] 39#39: exiting
2022/01/09 15:33:12 [notice] 38#38: exit
2022/01/09 15:33:12 [notice] 39#39: exit
2022/01/09 15:33:12 [notice] 1#1: signal 17 (SIGCHLD) received from 39
2022/01/09 15:33:12 [notice] 1#1: worker process 38 exited with code 0
2022/01/09 15:33:12 [notice] 1#1: worker process 39 exited with code 0
2022/01/09 15:33:12 [notice] 1#1: exit
2022/01/09 15:33:20 [emerg] 1#1: unknown "server_url" variable
2022/01/09 15:33:21 [emerg] 1#1: unknown "server_url" variable
2022/01/09 15:33:22 [emerg] 1#1: unknown "server_url" variable
2022/01/09 15:33:23 [emerg] 1#1: unknown "server_url" variable
2022/01/09 15:33:25 [emerg] 1#1: unknown "server_url" variable
2022/01/09 15:33:27 [emerg] 1#1: unknown "server_url" variable
2022/01/09 15:33:31 [emerg] 1#1: unknown "server_url" variable
2022/01/09 15:33:38 [emerg] 1#1: unknown "server_url" variable
2022/01/09 15:33:51 [emerg] 1#1: unknown "server_url" variable
2022/01/09 15:34:18 [emerg] 1#1: unknown "server_url" variable
2022/01/09 15:35:10 [emerg] 1#1: unknown "server_url" variable
2022/01/09 15:36:10 [emerg] 1#1: unknown "server_url" variable
2022/01/09 15:36:52 [emerg] 1#1: unknown "server_url" variable
2022/01/09 15:36:53 [emerg] 1#1: unknown "server_url" variable
2022/01/09 15:36:54 [emerg] 1#1: unknown "server_url" variable
2022/01/09 15:36:55 [emerg] 1#1: unknown "server_url" variable
2022/01/09 15:36:57 [emerg] 1#1: unknown "server_url" variable
2022/01/09 15:36:59 [emerg] 1#1: unknown "server_url" variable
2022/01/09 15:37:03 [emerg] 1#1: unknown "server_url" variable
2022/01/09 15:37:10 [emerg] 1#1: unknown "server_url" variable
2022/01/09 15:37:23 [emerg] 1#1: unknown "server_url" variable
2022/01/09 15:38:01 [emerg] 1#1: unknown "server_url" variable
2022/01/09 15:38:02 [emerg] 1#1: unknown "server_url" variable
2022/01/09 15:38:03 [emerg] 1#1: unknown "server_url" variable
2022/01/09 15:38:04 [emerg] 1#1: unknown "server_url" variable
2022/01/09 15:38:05 [emerg] 1#1: unknown "server_url" variable
2022/01/09 15:38:08 [emerg] 1#1: unknown "server_url" variable
2022/01/09 15:38:12 [emerg] 1#1: unknown "server_url" variable
2022/01/09 15:38:19 [emerg] 1#1: unknown "server_url" variable
2022/01/09 15:38:32 [emerg] 1#1: unknown "server_url" variable
2022/01/09 15:38:58 [emerg] 1#1: unknown "server_url" variable
2022/01/09 15:39:50 [emerg] 1#1: unknown "server_url" variable
2022/01/09 15:40:51 [emerg] 1#1: unknown "server_url" variable
2022/01/09 15:41:52 [emerg] 1#1: unknown "server_url" variable
2022/01/09 15:42:52 [emerg] 1#1: unknown "server_url" variable
2022/01/09 15:43:53 [emerg] 1#1: unknown "server_url" variable
2022/01/09 15:44:10 [emerg] 1#1: unknown "server_url" variable
2022/01/09 15:44:11 [emerg] 1#1: unknown "server_url" variable
2022/01/09 15:44:12 [emerg] 1#1: unknown "server_url" variable
2022/01/09 15:44:13 [emerg] 1#1: unknown "server_url" variable
2022/01/09 15:44:14 [emerg] 1#1: unknown "server_url" variable
2022/01/09 15:44:16 [emerg] 1#1: unknown "server_url" variable
2022/01/09 15:44:20 [emerg] 1#1: unknown "server_url" variable
2022/01/09 15:44:27 [emerg] 1#1: unknown "server_url" variable
2022/01/09 15:44:41 [emerg] 1#1: unknown "server_url" variable
2022/01/09 15:45:07 [emerg] 1#1: unknown "server_url" variable
2022/01/09 15:45:59 [emerg] 1#1: unknown "server_url" variable
2022/01/09 15:46:59 [emerg] 1#1: unknown "server_url" variable
2022/01/09 15:48:00 [emerg] 1#1: unknown "server_url" variable
2022/01/09 15:49:01 [emerg] 1#1: unknown "server_url" variable
2022/01/09 15:50:01 [emerg] 1#1: unknown "server_url" variable
2022/01/09 15:51:02 [emerg] 1#1: unknown "server_url" variable
2022/01/09 15:52:03 [emerg] 1#1: unknown "server_url" variable
2022/01/09 15:53:03 [emerg] 1#1: unknown "server_url" variable
2022/01/09 15:54:04 [emerg] 1#1: unknown "server_url" variable
2022/01/09 15:54:15 [emerg] 1#1: bind() to 188.124.36.244:80 failed (99: Cannot assign requested address)
2022/01/09 15:54:16 [emerg] 1#1: bind() to 188.124.36.244:80 failed (99: Cannot assign requested address)
2022/01/09 15:54:17 [emerg] 1#1: bind() to 188.124.36.244:80 failed (99: Cannot assign requested address)
2022/01/09 15:54:18 [emerg] 1#1: bind() to 188.124.36.244:80 failed (99: Cannot assign requested address)
2022/01/09 15:54:19 [emerg] 1#1: bind() to 188.124.36.244:80 failed (99: Cannot assign requested address)
2022/01/09 15:54:21 [emerg] 1#1: bind() to 188.124.36.244:80 failed (99: Cannot assign requested address)
2022/01/09 15:54:25 [emerg] 1#1: bind() to 188.124.36.244:80 failed (99: Cannot assign requested address)
2022/01/09 15:54:32 [emerg] 1#1: bind() to 188.124.36.244:80 failed (99: Cannot assign requested address)
2022/01/09 15:54:46 [emerg] 1#1: bind() to 188.124.36.244:80 failed (99: Cannot assign requested address)
2022/01/09 15:55:12 [emerg] 1#1: bind() to 188.124.36.244:80 failed (99: Cannot assign requested address)
2022/01/09 15:56:04 [emerg] 1#1: bind() to 188.124.36.244:80 failed (99: Cannot assign requested address)
2022/01/09 15:57:05 [emerg] 1#1: bind() to 188.124.36.244:80 failed (99: Cannot assign requested address)
2022/01/09 15:58:05 [emerg] 1#1: bind() to 188.124.36.244:80 failed (99: Cannot assign requested address)
2022/01/09 16:03:59 [notice] 1#1: using the "epoll" event method
2022/01/09 16:03:59 [notice] 1#1: nginx/1.21.5
2022/01/09 16:03:59 [notice] 1#1: built by gcc 10.2.1 20210110 (Debian 10.2.1-6) 
2022/01/09 16:03:59 [notice] 1#1: OS: Linux 5.4.0-92-generic
2022/01/09 16:03:59 [notice] 1#1: getrlimit(RLIMIT_NOFILE): 1048576:1048576
2022/01/09 16:03:59 [notice] 1#1: start worker processes
2022/01/09 16:03:59 [notice] 1#1: start worker process 30
2022/01/09 16:03:59 [notice] 1#1: start worker process 31
2022/01/10 13:01:01 [notice] 1#1: signal 3 (SIGQUIT) received, shutting down
2022/01/10 13:01:01 [notice] 30#30: gracefully shutting down
2022/01/10 13:01:01 [notice] 31#31: gracefully shutting down
2022/01/10 13:01:01 [notice] 30#30: exiting
2022/01/10 13:01:01 [notice] 31#31: exiting
2022/01/10 13:01:01 [notice] 31#31: exit
2022/01/10 13:01:01 [notice] 30#30: exit
2022/01/10 13:01:01 [notice] 1#1: signal 17 (SIGCHLD) received from 30
2022/01/10 13:01:01 [notice] 1#1: worker process 30 exited with code 0
2022/01/10 13:01:01 [notice] 1#1: worker process 31 exited with code 0
2022/01/10 13:01:01 [notice] 1#1: exit
2022/01/10 13:04:57 [notice] 1#1: using the "epoll" event method
2022/01/10 13:04:57 [notice] 1#1: nginx/1.21.5
2022/01/10 13:04:57 [notice] 1#1: built by gcc 10.2.1 20210110 (Debian 10.2.1-6) 
2022/01/10 13:04:57 [notice] 1#1: OS: Linux 5.4.0-92-generic
2022/01/10 13:04:57 [notice] 1#1: getrlimit(RLIMIT_NOFILE): 1048576:1048576
2022/01/10 13:04:57 [notice] 1#1: start worker processes
2022/01/10 13:04:57 [notice] 1#1: start worker process 30
2022/01/10 13:04:57 [notice] 1#1: start worker process 31
2022/01/10 13:05:20 [notice] 1#1: signal 3 (SIGQUIT) received, shutting down
2022/01/10 13:05:20 [notice] 30#30: gracefully shutting down
2022/01/10 13:05:20 [notice] 30#30: exiting
2022/01/10 13:05:20 [notice] 30#30: exit
2022/01/10 13:05:20 [notice] 31#31: gracefully shutting down
2022/01/10 13:05:20 [notice] 31#31: exiting
2022/01/10 13:05:20 [notice] 31#31: exit
2022/01/10 13:05:20 [notice] 1#1: signal 17 (SIGCHLD) received from 31
2022/01/10 13:05:20 [notice] 1#1: worker process 30 exited with code 0
2022/01/10 13:05:20 [notice] 1#1: worker process 31 exited with code 0
2022/01/10 13:05:20 [notice] 1#1: exit
2022/01/10 13:07:38 [notice] 1#1: using the "epoll" event method
2022/01/10 13:07:38 [notice] 1#1: nginx/1.21.5
2022/01/10 13:07:38 [notice] 1#1: built by gcc 10.2.1 20210110 (Debian 10.2.1-6) 
2022/01/10 13:07:38 [notice] 1#1: OS: Linux 5.4.0-92-generic
2022/01/10 13:07:38 [notice] 1#1: getrlimit(RLIMIT_NOFILE): 1048576:1048576
2022/01/10 13:07:38 [notice] 1#1: start worker processes
2022/01/10 13:07:38 [notice] 1#1: start worker process 32
2022/01/10 13:07:38 [notice] 1#1: start worker process 33
2022/01/10 13:08:13 [notice] 1#1: signal 3 (SIGQUIT) received, shutting down
2022/01/10 13:08:13 [notice] 32#32: gracefully shutting down
2022/01/10 13:08:13 [notice] 32#32: exiting
2022/01/10 13:08:13 [notice] 32#32: exit
2022/01/10 13:08:13 [notice] 33#33: gracefully shutting down
2022/01/10 13:08:13 [notice] 33#33: exiting
2022/01/10 13:08:13 [notice] 33#33: exit
2022/01/10 13:08:13 [notice] 1#1: signal 17 (SIGCHLD) received from 32
2022/01/10 13:08:13 [notice] 1#1: worker process 32 exited with code 0
2022/01/10 13:08:13 [notice] 1#1: signal 29 (SIGIO) received
2022/01/10 13:08:13 [notice] 1#1: signal 17 (SIGCHLD) received from 33
2022/01/10 13:08:13 [notice] 1#1: worker process 33 exited with code 0
2022/01/10 13:08:13 [notice] 1#1: exit
2022/01/10 13:09:21 [notice] 1#1: using the "epoll" event method
2022/01/10 13:09:21 [notice] 1#1: nginx/1.21.5
2022/01/10 13:09:21 [notice] 1#1: built by gcc 10.2.1 20210110 (Debian 10.2.1-6) 
2022/01/10 13:09:21 [notice] 1#1: OS: Linux 5.4.0-92-generic
2022/01/10 13:09:21 [notice] 1#1: getrlimit(RLIMIT_NOFILE): 1048576:1048576
2022/01/10 13:09:21 [notice] 1#1: start worker processes
2022/01/10 13:09:21 [notice] 1#1: start worker process 30
2022/01/10 13:09:21 [notice] 1#1: start worker process 31
2022/01/10 13:20:06 [notice] 1#1: signal 3 (SIGQUIT) received, shutting down
2022/01/10 13:20:06 [notice] 31#31: gracefully shutting down
2022/01/10 13:20:06 [notice] 31#31: exiting
2022/01/10 13:20:06 [notice] 31#31: exit
2022/01/10 13:20:06 [notice] 30#30: gracefully shutting down
2022/01/10 13:20:06 [notice] 30#30: exiting
2022/01/10 13:20:06 [notice] 30#30: exit
2022/01/10 13:20:06 [notice] 1#1: signal 17 (SIGCHLD) received from 30
2022/01/10 13:20:06 [notice] 1#1: worker process 30 exited with code 0
2022/01/10 13:20:06 [notice] 1#1: signal 29 (SIGIO) received
2022/01/10 13:20:06 [notice] 1#1: signal 17 (SIGCHLD) received from 31
2022/01/10 13:20:06 [notice] 1#1: worker process 31 exited with code 0
2022/01/10 13:20:06 [notice] 1#1: exit
2022/01/10 13:20:16 [notice] 1#1: using the "epoll" event method
2022/01/10 13:20:16 [notice] 1#1: nginx/1.21.5
2022/01/10 13:20:16 [notice] 1#1: built by gcc 10.2.1 20210110 (Debian 10.2.1-6) 
2022/01/10 13:20:16 [notice] 1#1: OS: Linux 5.4.0-92-generic
2022/01/10 13:20:16 [notice] 1#1: getrlimit(RLIMIT_NOFILE): 1048576:1048576
2022/01/10 13:20:16 [notice] 1#1: start worker processes
2022/01/10 13:20:16 [notice] 1#1: start worker process 30
2022/01/10 13:20:16 [notice] 1#1: start worker process 31
2022/01/10 13:24:13 [notice] 1#1: signal 3 (SIGQUIT) received, shutting down
2022/01/10 13:24:13 [notice] 30#30: gracefully shutting down
2022/01/10 13:24:13 [notice] 31#31: gracefully shutting down
2022/01/10 13:24:13 [notice] 30#30: exiting
2022/01/10 13:24:13 [notice] 31#31: exiting
2022/01/10 13:24:13 [notice] 31#31: exit
2022/01/10 13:24:13 [notice] 30#30: exit
2022/01/10 13:24:13 [notice] 1#1: signal 17 (SIGCHLD) received from 30
2022/01/10 13:24:13 [notice] 1#1: worker process 30 exited with code 0
2022/01/10 13:24:13 [notice] 1#1: signal 29 (SIGIO) received
2022/01/10 13:24:13 [notice] 1#1: signal 17 (SIGCHLD) received from 31
2022/01/10 13:24:13 [notice] 1#1: worker process 31 exited with code 0
2022/01/10 13:24:13 [notice] 1#1: exit
2022/01/10 13:24:19 [notice] 1#1: using the "epoll" event method
2022/01/10 13:24:19 [notice] 1#1: nginx/1.21.5
2022/01/10 13:24:19 [notice] 1#1: built by gcc 10.2.1 20210110 (Debian 10.2.1-6) 
2022/01/10 13:24:19 [notice] 1#1: OS: Linux 5.4.0-92-generic
2022/01/10 13:24:19 [notice] 1#1: getrlimit(RLIMIT_NOFILE): 1048576:1048576
2022/01/10 13:24:19 [notice] 1#1: start worker processes
2022/01/10 13:24:19 [notice] 1#1: start worker process 30
2022/01/10 13:24:19 [notice] 1#1: start worker process 31
